2020-03-20 21:18:25: Starting NLP Task
2020-03-20 21:18:25: Copy file /app/export/nodes_export.json to /app/export/nodes_export_process.json
2020-03-20 21:18:25: Remaining Nodes: 9
2020-03-20 21:18:25: Node ID: 1; Title: Julien Hofer
2020-03-21 18:45:57: Starting NLP Task
2020-03-21 18:45:57: Remaining Nodes: 9
2020-03-21 18:45:57: Node ID: 1; Title: Julien Hofer
2020-03-21 18:55:42: Starting NLP Task
2020-03-21 18:55:42: Remaining Nodes: 9
2020-03-21 18:55:42: Node ID: 1; Title: Julien Hofer
2020-03-21 19:01:26: Starting NLP Task
2020-03-21 19:01:26: Remaining Nodes: 9
2020-03-21 19:01:26: Node ID: 1; Title: Julien Hofer
2020-03-22 20:42:22: Starting NLP Task
2020-03-22 20:42:22: Remaining Nodes: 9
2020-03-22 20:42:22: Node ID: 1; Title: Julien Hofer
2020-03-23 12:11:33: Starting NLP Task
2020-03-23 12:11:33: Remaining Nodes: 9
2020-03-23 12:11:33: Node ID: 1; Title: Julien Hofer
2020-03-23 12:11:39: Insert field body with content in database
2020-03-23 15:44:19: Starting NLP Task
2020-03-23 15:44:19: Remaining Nodes: 9
2020-03-23 15:44:19: Node ID: 1; Title: Julien Hofer
2020-03-23 15:51:02: Starting NLP Task
2020-03-23 15:51:02: Remaining Nodes: 9
2020-03-23 15:51:02: Node ID: 1; Title: Julien Hofer
2020-03-25 20:03:08: Starting NLP Task
2020-03-25 20:03:08: Remaining Nodes: 9
2020-03-25 20:03:08: Node ID: 1; Title: Julien Hofer
2020-03-25 20:20:07: Starting NLP Task
2020-03-25 20:20:07: Remaining Nodes: 9
2020-03-25 20:20:07: Node ID: 1; Title: Julien Hofer
2020-03-25 20:22:41: Starting NLP Task
2020-03-25 20:22:41: Remaining Nodes: 9
2020-03-25 20:22:41: Node ID: 1; Title: Julien Hofer
2020-03-25 22:48:17: Starting NLP Task
2020-03-25 22:48:17: Remaining Nodes: 9
2020-03-25 22:48:17: Node ID: 1; Title: Julien Hofer
2020-03-26 08:00:23: Starting NLP Task
2020-03-26 08:00:23: Remaining Nodes: 9
2020-03-26 08:00:23: Node ID: 1; Title: Julien Hofer
2020-03-26 08:01:10: Starting NLP Task
2020-03-26 08:01:10: Remaining Nodes: 9
2020-03-26 08:01:10: Node ID: 1; Title: Julien Hofer
2020-03-26 08:01:57: Starting NLP Task
2020-03-26 08:01:57: Remaining Nodes: 9
2020-03-26 08:01:57: Node ID: 1; Title: Julien Hofer
2020-03-26 08:54:08: Starting NLP Task
2020-03-26 08:54:08: Remaining Nodes: 9
2020-03-26 08:54:08: Node ID: 1; Title: Julien Hofer
2020-03-26 08:55:06: Starting NLP Task
2020-03-26 08:55:06: Remaining Nodes: 9
2020-03-26 08:55:06: Node ID: 1; Title: Julien Hofer
2020-03-26 09:20:59: Starting NLP Task
2020-03-26 09:20:59: Remaining Nodes: 9
2020-03-26 09:20:59: Node ID: 1; Title: Julien Hofer
2020-03-26 13:21:18: Starting NLP Task
2020-03-26 13:21:18: Remaining Nodes: 9
2020-03-26 13:21:18: Node ID: 1; Title: Julien Hofer
2020-03-26 14:31:03: Starting NLP Task
2020-03-26 14:31:03: Remaining Nodes: 9
2020-03-26 14:31:03: Node ID: 1; Title: Julien Hofer
2020-03-26 14:32:12: Insert field body with content in database
2020-03-26 14:32:14: Remaining Nodes: 8
2020-03-26 14:32:14: Node ID: 2; Title: James Bond
2020-03-26 16:02:11: Starting NLP Task
2020-03-26 16:02:11: Remaining Nodes: 8
2020-03-26 16:02:11: Node ID: 2; Title: James Bond
2020-03-26 16:03:09: Starting NLP Task
2020-03-26 16:03:09: Copy file /app/export/nodes_export.json to /app/export/nodes_export_process.json
2020-03-26 16:03:09: Remaining Nodes: 9
2020-03-26 16:03:09: Node ID: 6; Title: Go
2020-03-26 16:03:14: Insert field body with content in database
2020-03-26 16:03:15: Remaining Nodes: 8
2020-03-26 16:03:15: Node ID: 7; Title: dddfdfdf
2020-03-26 16:03:17: Insert field body with content in database
2020-03-26 16:03:18: Remaining Nodes: 7
2020-03-26 16:03:18: Node ID: 8; Title: Hhha
2020-03-26 16:03:22: Insert field body with content in database
2020-03-26 16:03:22: Remaining Nodes: 6
2020-03-26 16:03:22: Node ID: 9; Title: gfggf
2020-03-26 16:03:24: Insert field body with content in database
2020-03-26 16:03:25: Remaining Nodes: 5
2020-03-26 16:03:25: Node ID: 10; Title: Pee
2020-03-26 16:03:28: Insert field body with content in database
2020-03-26 16:03:28: Remaining Nodes: 4
2020-03-26 16:03:28: Node ID: 1; Title: Julien Hofer
2020-03-26 16:03:54: Insert field body with content in database
2020-03-26 16:04:03: Remaining Nodes: 3
2020-03-26 16:04:03: Node ID: 3; Title: Alan Hevner
2020-03-26 16:04:20: Insert field body with content in database
2020-03-26 16:04:27: Remaining Nodes: 2
2020-03-26 16:04:27: Node ID: 5; Title: MoneyPenny
2020-03-26 16:04:50: Insert field body with content in database
2020-03-26 16:04:56: Remaining Nodes: 1
2020-03-26 16:04:56: Node ID: 2; Title: James Bond
2020-03-26 16:18:46: Starting NLP Task
2020-03-26 16:18:46: Copy file /app/export/nodes_export.json to /app/export/nodes_export_process.json
2020-03-26 16:18:46: Remaining Nodes: 9
2020-03-26 16:18:46: Node ID: 6; Title: Go
2020-03-26 16:18:51: Insert field body with content in database
2020-03-26 16:18:52: Remaining Nodes: 8
2020-03-26 16:18:52: Node ID: 7; Title: dddfdfdf
2020-03-26 16:18:54: Insert field body with content in database
2020-03-26 16:18:54: Remaining Nodes: 7
2020-03-26 16:18:54: Node ID: 8; Title: Hhha
2020-03-26 16:18:58: Insert field body with content in database
2020-03-26 16:18:58: Remaining Nodes: 6
2020-03-26 16:18:58: Node ID: 9; Title: gfggf
2020-03-26 16:19:00: Insert field body with content in database
2020-03-26 16:19:00: Remaining Nodes: 5
2020-03-26 16:19:00: Node ID: 10; Title: Pee
2020-03-26 16:19:02: Insert field body with content in database
2020-03-26 16:19:03: Remaining Nodes: 4
2020-03-26 16:19:03: Node ID: 1; Title: Julien Hofer
2020-03-26 16:19:35: Insert field body with content in database
2020-03-26 16:19:43: Remaining Nodes: 3
2020-03-26 16:19:43: Node ID: 3; Title: Alan Hevner
2020-03-26 16:20:02: Insert field body with content in database
2020-03-26 16:20:03: Remaining Nodes: 2
2020-03-26 16:20:03: Node ID: 5; Title: MoneyPenny
2020-03-26 16:20:26: Insert field body with content in database
2020-03-26 16:20:27: Remaining Nodes: 1
2020-03-26 16:20:27: Node ID: 2; Title: James Bond
2020-03-26 16:21:11: Insert field body with content in database
2020-03-26 16:21:22: Creating search index
2020-03-26 16:21:22: Adding manual created nodes
2020-03-26 16:21:22: File /app/export/nodes_export_process.json is empty. Delete file.
2020-03-26 16:21:22: No input for processing in /app/export/nodes_export.json
2020-03-26 16:21:22: exit Task
2020-03-26 16:21:22: No input for processing in /app/export/nodes_export.json
2020-03-26 16:21:22: exit Task
2020-04-27 19:06:37: Starting NLP Task
2020-04-27 19:06:37: No input for processing in /app/export/nodes_export.json
2020-04-27 19:06:37: exit Task
2020-04-27 19:06:37: No input for processing in /app/export/nodes_export.json
2020-04-27 19:06:37: exit Task
2020-04-27 19:11:31: Starting NLP Task
2020-04-27 19:11:31: Copy file /app/export/nodes_export.json to /app/export/nodes_export_process.json
2020-04-27 19:11:31: Remaining Nodes: 17
2020-04-27 19:11:31: Node ID: 3793; Title: Schupler, Zwi
2020-04-27 19:19:55: Starting NLP Task
2020-04-27 19:19:55: Remaining Nodes: 17
2020-04-27 19:19:55: Node ID: 3793; Title: Schupler, Zwi
2020-04-27 19:22:09: Starting NLP Task
2020-04-27 19:22:09: Remaining Nodes: 17
2020-04-27 19:22:09: Node ID: 3793; Title: Schupler, Zwi
2020-04-27 19:24:28: Insert field field_biography with content in database
2020-04-27 19:24:49: Remaining Nodes: 16
2020-04-27 19:24:49: Node ID: 1702; Title: Rosenthal, Hugo (Jashuvi, Joseph)
2020-04-27 19:32:22: Starting NLP Task
2020-04-27 19:32:22: Remaining Nodes: 16
2020-04-27 19:32:22: Node ID: 1702; Title: Rosenthal, Hugo (Jashuvi, Joseph)
2020-04-27 19:34:16: Insert field field_biography with content in database
2020-04-27 19:34:38: Remaining Nodes: 15
2020-04-27 19:34:38: Node ID: 1587; Title: Ollendorff, Friedrich
2020-04-27 19:35:34: Insert field field_biography with content in database
2020-04-27 19:35:47: Remaining Nodes: 14
2020-04-27 19:35:47: Node ID: 2197; Title: Landauer, Georg
2020-04-27 19:36:28: Insert field field_biography with content in database
2020-04-27 19:36:37: Remaining Nodes: 13
2020-04-27 19:36:37: Node ID: 2221; Title: Kreutzberger, Dr. Max
2020-04-27 19:37:10: Insert field field_biography with content in database
2020-04-27 19:37:15: Remaining Nodes: 12
2020-04-27 19:37:15: Node ID: 1284; Title: Lotan, Giora (née Lubinski, Georg)
2020-04-27 19:39:29: Insert field field_biography with content in database
2020-04-27 19:39:49: Remaining Nodes: 11
2020-04-27 19:39:49: Node ID: 1282; Title: Senator, David Werner 
2020-04-27 19:41:23: Insert field field_biography with content in database
2020-04-27 19:41:38: Remaining Nodes: 10
2020-04-27 19:41:38: Node ID: 3811; Title: Rothschild, Dr. Leopold Jehuda
2020-04-27 19:42:18: Insert field field_biography with content in database
2020-04-27 19:42:25: Remaining Nodes: 9
2020-04-27 19:42:25: Node ID: 3825; Title: Ostfeld, Zvi Hermon (Hermann)
2020-04-27 19:43:35: Insert field field_biography with content in database
2020-04-27 19:43:52: Remaining Nodes: 8
2020-04-27 19:43:52: Node ID: 3844; Title: Frankenstein, Carl (Karl)
2020-04-27 19:44:48: Insert field field_biography with content in database
2020-04-27 19:45:02: Remaining Nodes: 7
2020-04-27 19:45:02: Node ID: 3857; Title: Rothschild, Siegfried (Pinchas)
2020-04-27 19:45:56: Insert field field_biography with content in database
2020-04-27 19:46:07: Remaining Nodes: 6
2020-04-27 19:46:07: Node ID: 3884; Title: Franz Hainbach/Heinebach (Perez Uriel)
2020-04-27 19:46:48: Insert field field_biography with content in database
2020-04-27 19:46:54: Remaining Nodes: 5
2020-04-27 19:46:54: Node ID: 3896; Title: Rund, Ernst (Yaacov)
2020-04-27 19:47:13: Insert field field_biography with content in database
2020-04-27 19:47:16: Remaining Nodes: 4
2020-04-27 19:47:16: Node ID: 3900; Title: Hirsch, Siegfried (Shimon)
2020-04-27 19:48:31: Insert field field_biography with content in database
2020-04-27 19:48:48: Remaining Nodes: 3
2020-04-27 19:48:48: Node ID: 3944; Title: Brachiahu (Borochov), Dr. Mordechai
2020-04-27 19:50:43: Insert field field_biography with content in database
2020-04-27 19:51:01: Remaining Nodes: 2
2020-04-27 19:51:01: Node ID: 1784; Title: Aloni, Jenny (née Rosenbaum)
2020-04-27 19:52:27: Insert field field_biography with content in database
2020-04-27 19:52:52: Remaining Nodes: 1
2020-04-27 19:52:52: Node ID: 1835; Title: Avneri, Bruria (born Heymann, Bertha )
2020-04-27 19:53:34: Insert field field_biography with content in database
2020-04-27 19:53:46: Creating search index
2020-04-27 19:53:49: Adding manual created nodes
2020-04-27 19:53:49: File /app/export/nodes_export_process.json is empty. Delete file.
2020-04-27 19:53:49: No input for processing in /app/export/nodes_export.json
2020-04-27 19:53:49: exit Task
2020-04-27 19:53:49: No input for processing in /app/export/nodes_export.json
2020-04-27 19:53:49: exit Task
2020-09-21 17:23:30: Starting NLP Task
2020-09-21 17:23:30: Copy file /app/export/nodes_export.json to /app/export/nodes_export_process.json
2020-09-21 17:23:30: Remaining Nodes: 17
2020-09-21 17:23:30: Node ID: 3793; Title: Schupler, Zwi
2020-09-21 17:25:33: Insert field field_biography with content in database
2020-09-21 17:25:49: Remaining Nodes: 16
2020-09-21 17:25:49: Node ID: 1702; Title: Rosenthal, Hugo (Jashuvi, Joseph)
2020-09-21 17:27:44: Insert field field_biography with content in database
2020-09-21 17:28:04: Remaining Nodes: 15
2020-09-21 17:28:04: Node ID: 1587; Title: Ollendorff, Friedrich
2020-09-21 17:29:02: Insert field field_biography with content in database
2020-09-21 17:29:15: Remaining Nodes: 14
2020-09-21 17:29:15: Node ID: 2197; Title: Landauer, Georg
2020-09-21 17:30:06: Insert field field_biography with content in database
2020-09-21 17:30:15: Remaining Nodes: 13
2020-09-21 17:30:15: Node ID: 2221; Title: Kreutzberger, Dr. Max
2020-09-21 17:30:45: Insert field field_biography with content in database
2020-09-21 17:30:50: Remaining Nodes: 12
2020-09-21 17:30:50: Node ID: 1284; Title: Lotan, Giora (née Lubinski, Georg)
2020-09-21 17:33:26: Insert field field_biography with content in database
2020-09-21 17:33:47: Remaining Nodes: 11
2020-09-21 17:33:47: Node ID: 1282; Title: Senator, David Werner 
2020-09-21 17:35:36: Insert field field_biography with content in database
2020-09-21 17:35:52: Remaining Nodes: 10
2020-09-21 17:35:52: Node ID: 3811; Title: Rothschild, Dr. Leopold Jehuda
2020-09-21 17:36:29: Insert field field_biography with content in database
2020-09-21 17:36:35: Remaining Nodes: 9
2020-09-21 17:36:35: Node ID: 3825; Title: Ostfeld, Zvi Hermon (Hermann)
2020-09-21 17:37:37: Insert field field_biography with content in database
2020-09-21 17:37:53: Remaining Nodes: 8
2020-09-21 17:37:53: Node ID: 3844; Title: Frankenstein, Carl (Karl)
2020-09-21 17:38:41: Insert field field_biography with content in database
2020-09-21 17:38:55: Remaining Nodes: 7
2020-09-21 17:38:55: Node ID: 3857; Title: Rothschild, Siegfried (Pinchas)
2020-09-21 17:39:40: Insert field field_biography with content in database
2020-09-21 17:39:51: Remaining Nodes: 6
2020-09-21 17:39:51: Node ID: 3884; Title: Franz Hainbach/Heinebach (Perez Uriel)
2020-09-21 17:40:26: Insert field field_biography with content in database
2020-09-21 17:40:31: Remaining Nodes: 5
2020-09-21 17:40:31: Node ID: 3896; Title: Rund, Ernst (Yaacov)
2020-09-21 17:40:49: Insert field field_biography with content in database
2020-09-21 17:40:51: Remaining Nodes: 4
2020-09-21 17:40:51: Node ID: 3900; Title: Hirsch, Siegfried (Shimon)
2020-09-21 17:42:00: Insert field field_biography with content in database
2020-09-21 17:42:16: Remaining Nodes: 3
2020-09-21 17:42:16: Node ID: 3944; Title: Brachiahu (Borochov), Dr. Mordechai
2020-09-21 17:44:07: Insert field field_biography with content in database
2020-09-21 17:44:26: Remaining Nodes: 2
2020-09-21 17:44:26: Node ID: 1784; Title: Aloni, Jenny (née Rosenbaum)
2020-09-21 17:45:44: Insert field field_biography with content in database
2020-09-21 17:46:08: Remaining Nodes: 1
2020-09-21 17:46:08: Node ID: 1835; Title: Avneri, Bruria (born Heymann, Bertha )
2020-09-21 17:46:44: Insert field field_biography with content in database
2020-09-21 17:46:56: Creating search index
2020-09-21 17:46:59: Adding manual created nodes
2020-09-21 17:46:59: File /app/export/nodes_export_process.json is empty. Delete file.
2020-09-21 17:46:59: No input for processing in /app/export/nodes_export.json
2020-09-21 17:46:59: exit Task
2020-09-21 17:46:59: No input for processing in /app/export/nodes_export.json
2020-09-21 17:46:59: exit Task
